C51 COMPILER V9.01   MAIN                                                                  10/08/2024 14:03:20 PAGE 1   


C51 COMPILER V9.01, COMPILATION OF MODULE MAIN
OBJECT MODULE PLACED IN .\object\main.obj
COMPILER INVOKED BY: C:\Keil_v5\C51\BIN\C51.EXE user\main.c BROWSE DEBUG OBJECTEXTEND PRINT(.\listing\main.lst) OBJECT(.
                    -\object\main.obj)

line level    source

   1          #include <reg52.h>
   2          
   3          typedef unsigned char uchar_8;
   4          typedef unsigned int uint_16;
   5          sbit KEY3 = P3^2;
   6          sbit LED1 = P2^0;
   7          
   8          void delay_ms(uint_16 ms);
   9          void delay_10us(uint_16 us);
  10          void exti0_init();
  11          void exti1_init();
  12          
  13          void main()
  14          {
  15   1          exti0_init();
  16   1          while (1)
  17   1          {
  18   2          }
  19   1      }
  20          
  21          void int0() interrupt 0
  22          {
  23   1          delay_10us(1000);
  24   1          if (KEY3 == 0)
  25   1          {
  26   2              LED1 = !LED1;
  27   2          }
  28   1      }
  29          
  30          void exti0_init(void)
  31          {
  32   1          IT0 = 1; // 下降沿触发,0低电平触发
  33   1          EX0 = 1;
  34   1          EA = 1;
  35   1      }
  36          
  37          void exti1_init(void)
  38          {
  39   1          IT1 = 1; // 下降沿触发,0低电平触发
  40   1          EX1 = 1;
  41   1          EA = 1;
  42   1      }
  43          
  44          void delay_ms(uint_16 ms)
  45          {
  46   1          uint_16 i, j;
  47   1          for (i = 0; i < ms; i++)
  48   1              for (j = 0; j < 1000; j++)
  49   1                  ;
  50   1      }
  51          
  52          void delay_10us(uint_16 us)
  53          {
  54   1          while (us--)
C51 COMPILER V9.01   MAIN                                                                  10/08/2024 14:03:20 PAGE 2   

  55   1              ;
  56   1      }


MODULE INFORMATION:   STATIC OVERLAYABLE
   CODE SIZE        =    130    ----
   CONSTANT SIZE    =   ----    ----
   XDATA SIZE       =   ----    ----
   PDATA SIZE       =   ----    ----
   DATA SIZE        =   ----    ----
   IDATA SIZE       =   ----    ----
   BIT SIZE         =   ----    ----
END OF MODULE INFORMATION.


C51 COMPILATION COMPLETE.  0 WARNING(S),  0 ERROR(S)
