C51 COMPILER V9.01   MAIN                                                                  10/15/2024 21:05:26 PAGE 1   


C51 COMPILER V9.01, COMPILATION OF MODULE MAIN
OBJECT MODULE PLACED IN .\main.obj
COMPILER INVOKED BY: C:\Keil_v5\C51\BIN\C51.EXE E:\Desktop\template\user\main.c BROWSE DEBUG OBJECTEXTEND PRINT(.\main.l
                    -st) OBJECT(.\main.obj)

line level    source

   1          #include <REGX52.H>
   2          
   3          void main(){
   4   1        P2=0x00;
   5   1      }


MODULE INFORMATION:   STATIC OVERLAYABLE
   CODE SIZE        =      4    ----
   CONSTANT SIZE    =   ----    ----
   XDATA SIZE       =   ----    ----
   PDATA SIZE       =   ----    ----
   DATA SIZE        =   ----    ----
   IDATA SIZE       =   ----    ----
   BIT SIZE         =   ----    ----
END OF MODULE INFORMATION.


C51 COMPILATION COMPLETE.  0 WARNING(S),  0 ERROR(S)
