C51 COMPILER V9.01   MAIN                                                                  10/05/2024 21:03:03 PAGE 1   


C51 COMPILER V9.01, COMPILATION OF MODULE MAIN
OBJECT MODULE PLACED IN main.OBJ
COMPILER INVOKED BY: C:\Keil_v5\C51\BIN\C51.EXE main.c BROWSE DEBUG OBJECTEXTEND

line level    source

   1          #include "reg52.h"
   2          
   3          typedef unsigned int uint_16;
   4          typedef unsigned char uint_8;
   5          
   6          /**
   7           * 简易延时函数，10us的倍数
   8           */
   9          void delay_10us(uint_16 ten_us)
  10          {
  11   1              while (ten_us--)
  12   1                      ;
  13   1      }
  14          /**
  15           * 简易延时函数，1ms的倍数
  16           */
  17          void delay_ms(uint_16 ms)
  18          {
  19   1              int i, j;
  20   1              for (i = 0; i < ms; i++)
  21   1                      for (j = 0; j < 1000; j++)
  22   1                              ;
  23   1      }
  24          
  25          // 独立按键控制引脚
  26          sbit KEY1 = P3 ^ 1;
  27          sbit KEY2 = P3 ^ 0;
  28          sbit KEY3 = P3 ^ 2;
  29          sbit KEY4 = P3 ^ 3;
  30          // LED灯控制引脚
  31          sbit LED_2 = P2 ^ 2;
  32          sbit LED_3 = P2 ^ 3;
  33          sbit LED_4 = P2 ^ 4;
  34          
  35          uint_16 keyScan(uint_16 singleScan)
  36          {
  37   1              static uint_16 status = 1;
  38   1              if (singleScan == 0)
  39   1                      status = 1;
  40   1              if (status == 1 && (KEY1 == 0 || KEY2 == 0 || KEY3 == 0 || KEY4 == 0))
  41   1              {
  42   2                      status = 0;
  43   2                      delay_10us(1000);
  44   2                      if (KEY1 == 0)
  45   2                      {
  46   3                              return 1;
  47   3                      }
  48   2                      else if (KEY2 == 0)
  49   2                      {
  50   3                              return 2;
  51   3                      }
  52   2                      else if (KEY3 == 0)
  53   2                      {
  54   3                              return 3;
  55   3                      }
C51 COMPILER V9.01   MAIN                                                                  10/05/2024 21:03:03 PAGE 2   

  56   2                      else if (KEY4 == 0)
  57   2                      {
  58   3                              return 4;
  59   3                      }
  60   2              }
  61   1              else if (KEY1 == 1 && KEY2 == 1 && KEY3 == 1 && KEY4 == 1)
  62   1              {
  63   2                      status = 1;
  64   2              }
  65   1              return 0;
  66   1      }
  67          
  68          void main()
  69          {
  70   1              while (1)
  71   1              {
  72   2                      uint_16 res = keyScan(1);
  73   2                      switch (res)
  74   2                      {
  75   3                      case 1:
  76   3                              LED_2 = !LED_2;
  77   3                              break;
  78   3                      case 2:
  79   3                              LED_3 = !LED_3;
  80   3                              break;
  81   3                      case 3:
  82   3                              LED_4 = ~LED_4;
  83   3                              break;
  84   3                      case 4:
  85   3                              LED_2 = 1;
  86   3                              LED_3 = 1;
  87   3                              LED_4 = 1;
  88   3                              break;
  89   3                      }
  90   2              }
  91   1      }


MODULE INFORMATION:   STATIC OVERLAYABLE
   CODE SIZE        =    189    ----
   CONSTANT SIZE    =   ----    ----
   XDATA SIZE       =   ----    ----
   PDATA SIZE       =   ----    ----
   DATA SIZE        =      2       2
   IDATA SIZE       =   ----    ----
   BIT SIZE         =   ----    ----
END OF MODULE INFORMATION.


C51 COMPILATION COMPLETE.  0 WARNING(S),  0 ERROR(S)
