C51 COMPILER V9.01   MAIN                                                                  10/05/2024 15:27:45 PAGE 1   


C51 COMPILER V9.01, COMPILATION OF MODULE MAIN
OBJECT MODULE PLACED IN main.OBJ
COMPILER INVOKED BY: C:\Keil_v5\C51\BIN\C51.EXE main.c BROWSE DEBUG OBJECTEXTEND

line level    source

   1          #include "reg52.h"
   2          
   3          typedef unsigned int uint_16;
   4          typedef unsigned char uchar_8;
   5          
   6          #define SMG_A_DP_PORT P0
   7          
   8          uchar_8 led_code[17] = {0x3f, 0x06, 0x5b, 0x4f, 0x66, 0x6d, 0x7d, 0x07, 0x7f, 0x6f, 0x77, 0x7c, 0x39, 0x5e
             -, 0x79, 0x71, 0x00};
   9          
  10          /**
  11           * 简易延时函数，10us的倍数
  12           */
  13          void delay_10us(uint_16 us)
  14          {
  15   1              while (us--)
  16   1                      ;
  17   1      }
  18          
  19          /**
  20           * 简易延时函数，1ms的倍数
  21           */
  22          void delay_ms(uint_16 ms)
  23          {
  24   1              int i, j;
  25   1              for (i = 0; i < ms; i++)
  26   1                      for (j = 0; j < 1000; j++)
  27   1                              ;
  28   1      }
  29          
  30          // 数码管位选信号控制
  31          sbit led_a = P2 ^ 2;
  32          sbit led_b = P2 ^ 3;
  33          sbit led_c = P2 ^ 4;
  34          
  35          /**
  36           * 数码管位选函数
  37           * @param num 数码管位
  38           * 选择num对应的数码管输出
  39           */
  40          void led_switch(uint_16 num)
  41          {
  42   1              switch (num)
  43   1              {
  44   2              case 0:
  45   2                      led_c = 0;
  46   2                      led_b = 0;
  47   2                      led_a = 0;
  48   2                      break;
  49   2              case 1:
  50   2                      led_c = 0;
  51   2                      led_b = 0;
  52   2                      led_a = 1;
  53   2                      break;
  54   2              case 2:
C51 COMPILER V9.01   MAIN                                                                  10/05/2024 15:27:45 PAGE 2   

  55   2                      led_c = 0;
  56   2                      led_b = 1;
  57   2                      led_a = 0;
  58   2                      break;
  59   2              case 3:
  60   2                      led_c = 0;
  61   2                      led_b = 1;
  62   2                      led_a = 1;
  63   2                      break;
  64   2              case 4:
  65   2                      led_c = 1;
  66   2                      led_b = 0;
  67   2                      led_a = 0;
  68   2                      break;
  69   2              case 5:
  70   2                      led_c = 1;
  71   2                      led_b = 0;
  72   2                      led_a = 1;
  73   2                      break;
  74   2              case 6:
  75   2                      led_c = 1;
  76   2                      led_b = 1;
  77   2                      led_a = 0;
  78   2                      break;
  79   2              case 7:
  80   2                      led_c = 1;
  81   2                      led_b = 1;
  82   2                      led_a = 1;
  83   2              }
  84   1      }
  85          
  86          void ledShow(uchar_8 showInfo[])
  87          {
  88   1              int i;
  89   1              for (i = 7; i >= 0; i--)
  90   1              {
  91   2                      led_switch(i);
  92   2                      SMG_A_DP_PORT = 0x00;
  93   2                      SMG_A_DP_PORT = showInfo[i];
  94   2                      delay_10us(100);
  95   2              }
  96   1      }
  97          
  98          void main()
  99          {
 100   1              int s = 0, i, r;
 101   1              while (1)
 102   1              {
 103   2                      for (r = 0; r < 80; r++)
 104   2                      {
 105   3                              for (i = 7; i >= 0; i--)
 106   3                              {
 107   4                                      led_switch((i + s) % 8);
 108   4                                      SMG_A_DP_PORT = 0x00;
 109   4                                      SMG_A_DP_PORT = led_code[7 - i];
 110   4                                      delay_10us(100);
 111   4                              }
 112   3                      }
 113   2                      s++;
 114   2              }
 115   1      }

C51 COMPILER V9.01   MAIN                                                                  10/05/2024 15:27:45 PAGE 3   


MODULE INFORMATION:   STATIC OVERLAYABLE
   CODE SIZE        =    281    ----
   CONSTANT SIZE    =   ----    ----
   XDATA SIZE       =   ----    ----
   PDATA SIZE       =   ----    ----
   DATA SIZE        =     17       9
   IDATA SIZE       =   ----    ----
   BIT SIZE         =   ----    ----
END OF MODULE INFORMATION.


C51 COMPILATION COMPLETE.  0 WARNING(S),  0 ERROR(S)
