C51 COMPILER V9.01   MAIN                                                                  10/05/2024 10:28:47 PAGE 1   


C51 COMPILER V9.01, COMPILATION OF MODULE MAIN
OBJECT MODULE PLACED IN main.OBJ
COMPILER INVOKED BY: C:\Keil_v5\C51\BIN\C51.EXE main.c BROWSE DEBUG OBJECTEXTEND

line level    source

   1          #include "reg52.h"
   2          
   3          #define _WTIME_ 20
   4          
   5          void delay(int ms)
   6          {
   7   1              int i, j;
   8   1              for (i = 0; i < ms; i++)
   9   1              {
  10   2                      for (j = 0; j < 1000; j++)
  11   2                              ;
  12   2              }
  13   1      }
  14          
  15          void turnOffAll(int m)
  16          {
  17   1              P2 = 0xff;
  18   1              delay(m);
  19   1      }
  20          
  21          void leftToRight(int m)
  22          {
  23   1              int i;
  24   1              unsigned char buf = 0X01;
  25   1              for (i = 0; i < 8; i++)
  26   1              {
  27   2                      P2 = ~buf;
  28   2                      delay(m);
  29   2                      buf <<= 1;
  30   2              }
  31   1      }
  32          
  33          void rightToLeft(int m)
  34          {
  35   1              int i;
  36   1              unsigned char buf = 0x80;
  37   1              for (i = 0; i < 8; i++)
  38   1              {
  39   2                      P2 = ~buf;
  40   2                      delay(m);
  41   2                      buf >>= 1;
  42   2              }
  43   1      }
  44          
  45          /**
  46           * 从中间到两边依次常量
  47           */
  48          void ledStyle_1(int m)
  49          {
  50   1              int i;
  51   1              unsigned char left = 0x10;
  52   1              unsigned char right = 0x08;
  53   1              for (i = 0; i < 4; i++)
  54   1              {
  55   2                      P2 &= ~(left | right);
C51 COMPILER V9.01   MAIN                                                                  10/05/2024 10:28:47 PAGE 2   

  56   2                      delay(m);
  57   2                      left <<= 1;
  58   2                      right >>= 1;
  59   2              }
  60   1      }
  61          
  62          /**
  63           * 从中间到两边依次闪烁
  64           */
  65          void ledStyle_2(int m)
  66          {
  67   1              int i;
  68   1              unsigned char left = 0x10;
  69   1              unsigned char right = 0x08;
  70   1              for (i = 0; i < 4; i++)
  71   1              {
  72   2                      P2 = ~(left | right);
  73   2                      delay(m);
  74   2                      left <<= 1;
  75   2                      right >>= 1;
  76   2              }
  77   1      }
  78          
  79          /**
  80           * 从左到右依次常量
  81           */
  82          void ledStyle_3(int m)
  83          {
  84   1              int i;
  85   1              unsigned char left = 0x01;
  86   1              for (i = 0; i < 8; i++)
  87   1              {
  88   2                      P2 &= ~left;
  89   2                      delay(m);
  90   2                      left <<= 1;
  91   2              }
  92   1      }
  93          
  94          /**
  95           * 从右到左依次常量
  96           */
  97          void ledStyle_4(int m)
  98          {
  99   1              int i;
 100   1              unsigned char right = 0x80;
 101   1              for (i = 0; i < 8; i++)
 102   1              {
 103   2                      P2 &= ~right;
 104   2                      delay(m);
 105   2                      right >>= 1;
 106   2              }
 107   1      }
 108          
 109          void main()
 110          {
 111   1              while (1)
 112   1              {
 113   2                      leftToRight(_WTIME_);
 114   2                      turnOffAll(_WTIME_);
 115   2                      rightToLeft(_WTIME_);
 116   2                      turnOffAll(_WTIME_);
 117   2                      ledStyle_1(_WTIME_);
C51 COMPILER V9.01   MAIN                                                                  10/05/2024 10:28:47 PAGE 3   

 118   2                      turnOffAll(_WTIME_);
 119   2                      ledStyle_2(_WTIME_);
 120   2                      turnOffAll(_WTIME_);
 121   2                      ledStyle_3(_WTIME_);
 122   2                      turnOffAll(_WTIME_);
 123   2                      ledStyle_4(_WTIME_);
 124   2              }
 125   1      }


MODULE INFORMATION:   STATIC OVERLAYABLE
   CODE SIZE        =    313    ----
   CONSTANT SIZE    =   ----    ----
   XDATA SIZE       =   ----    ----
   PDATA SIZE       =   ----    ----
   DATA SIZE        =   ----      14
   IDATA SIZE       =   ----    ----
   BIT SIZE         =   ----    ----
END OF MODULE INFORMATION.


C51 COMPILATION COMPLETE.  0 WARNING(S),  0 ERROR(S)
