C51 COMPILER V9.01   GAME_DRAW                                                             10/17/2024 17:42:37 PAGE 1   


C51 COMPILER V9.01, COMPILATION OF MODULE GAME_DRAW
OBJECT MODULE PLACED IN .\object\game_draw.obj
COMPILER INVOKED BY: C:\Keil_v5\C51\BIN\C51.EXE device\game_draw.c BROWSE INCDIR(.\device) DEBUG OBJECTEXTEND PRINT(.\li
                    -sting\game_draw.lst) OBJECT(.\object\game_draw.obj)

line level    source

   1          #include "game_draw.h"
   2          
   3          void snake_init(Snake *snake)
   4          {
   5   1          snake->dir = UP;
   6   1          snake->speed = 1;
   7   1          snake->length = 2;
   8   1          snake->snake_pos[0][0] = 7;
   9   1          snake->snake_pos[0][1] = 7;
  10   1          snake->snake_pos[1][0] = 0;
  11   1          snake->snake_pos[1][1] = 0;
  12   1      }
  13          
  14          uchar8_t *getUcharFromSnake(Snake snake)
  15          {
  16   1          char8_t i;
  17   1          static uchar8_t dat[2];
  18   1          dat[0] = 0x00;
  19   1          dat[1] = 0x00;
  20   1          for (i = 0; i < snake.length; i++)
  21   1          {
  22   2              dat[0] |= (1 << snake.snake_pos[i][0]);
  23   2              dat[1] &= (1 << snake.snake_pos[i][1]);
  24   2          }
  25   1          dat[1] = !dat[1];
  26   1          return dat;
  27   1      }
  28          
  29          void snake_pos_change(Snake *snake, uint16_t r, uint16_t c)
  30          {
  31   1          uint16_t i;
  32   1          for (i = 0; i < snake->length; i++)
  33   1          {
  34   2              if (r < 0)
  35   2              {
  36   3                  snake->snake_pos[i][0] = snake->snake_pos[i][0] == 0 ? 7 : snake->snake_pos[i][0] - 1;
  37   3              }
  38   2              else
  39   2              {
  40   3                  snake->snake_pos[i][0] = (snake->snake_pos[i][0] + r) % 8;
  41   3              }
  42   2              if (c < 0)
  43   2              {
  44   3                  snake->snake_pos[i][1] = snake->snake_pos[i][1] == 0 ? 7 : snake->snake_pos[i][1] - 1;
  45   3              }
  46   2              else
  47   2              {
  48   3                  snake->snake_pos[i][1] = (snake->snake_pos[i][1] + c) % 8;
  49   3              }
  50   2          }
  51   1      }
  52          
  53          void snake_move(Snake *snake)
  54          {
C51 COMPILER V9.01   GAME_DRAW                                                             10/17/2024 17:42:37 PAGE 2   

  55   1          switch (snake->dir)
  56   1          {
  57   2          case UP:
  58   2              snake_pos_change(snake, 1, 0);
  59   2              break;
  60   2          case DOWN:
  61   2              snake_pos_change(snake, -1, 0);
  62   2              break;
  63   2          case LEFT:
  64   2              snake_pos_change(snake, 0, 1);
  65   2              break;
  66   2          case RIGHT:
  67   2              snake_pos_change(snake, 0, -1);
  68   2              break;
  69   2          }
  70   1      }


MODULE INFORMATION:   STATIC OVERLAYABLE
   CODE SIZE        =    443    ----
   CONSTANT SIZE    =   ----    ----
   XDATA SIZE       =   ----    ----
   PDATA SIZE       =   ----    ----
   DATA SIZE        =      2      47
   IDATA SIZE       =   ----    ----
   BIT SIZE         =   ----    ----
END OF MODULE INFORMATION.


C51 COMPILATION COMPLETE.  0 WARNING(S),  0 ERROR(S)
