C51 COMPILER V9.01   MAIN                                                                  10/17/2024 17:34:45 PAGE 1   


C51 COMPILER V9.01, COMPILATION OF MODULE MAIN
OBJECT MODULE PLACED IN .\object\main.obj
COMPILER INVOKED BY: C:\Keil_v5\C51\BIN\C51.EXE user\main.c BROWSE INCDIR(.\device) DEBUG OBJECTEXTEND PRINT(.\listing\m
                    -ain.lst) OBJECT(.\object\main.obj)

line level    source

   1          #include "reg51.h"
   2          #include "device.h"
   3          #include "game_draw.h"
   4          
   5          #ifndef SMG_A_DP_PORT
   6          #define SMG_A_DP_PORT P0 // 使用宏定义数码管段码口
   7          uchar8_t gsmg_code[17] = {0x3f, 0x06, 0x5b, 0x4f, 0x66, 0x6d, 0x7d, 0x07,
   8                                    0x7f, 0x6f, 0x77, 0x7c, 0x39, 0x5e, 0x79, 0x71};
   9          #endif
  10          
  11          sbit led = P2 ^ 7; // 程序运行测试
  12          Snake snake;
  13          
  14          void main()
  15          {
  16   1          snake_init(&snake);
  17   1          time0_init();
  18   1          while (1)
  19   1          {
  20   2              // snake_move(&snake);
  21   2              // delay_10us(500000);
  22   2          }
  23   1      }
  24          
  25          void time0() interrupt 1
  26          {
  27   1          static uint16_t time0_count = 0; // 定义静态变量i
  28   1          TH0 = 0XFC;                      // 给定时器赋初值，定时1ms
  29   1          TL0 = 0X18;
  30   1          time0_count++;
  31   1          if (time0_count >= 500)
  32   1          {
  33   2              time0_count = 0;
  34   2              led = !led;
  35   2              led_maxtir_dispaly(getUcharFromSnake(snake));
  36   2          }
  37   1      }


MODULE INFORMATION:   STATIC OVERLAYABLE
   CODE SIZE        =    126    ----
   CONSTANT SIZE    =   ----    ----
   XDATA SIZE       =   ----    ----
   PDATA SIZE       =   ----    ----
   DATA SIZE        =     54    ----
   IDATA SIZE       =   ----    ----
   BIT SIZE         =   ----    ----
END OF MODULE INFORMATION.


C51 COMPILATION COMPLETE.  0 WARNING(S),  0 ERROR(S)
