C51 COMPILER V9.01   MAIN                                                                  10/08/2024 23:36:04 PAGE 1   


C51 COMPILER V9.01, COMPILATION OF MODULE MAIN
OBJECT MODULE PLACED IN .\object\main.obj
COMPILER INVOKED BY: C:\Keil_v5\C51\BIN\C51.EXE user\main.c BROWSE DEBUG OBJECTEXTEND PRINT(.\listing\main.lst) OBJECT(.
                    -\object\main.obj)

line level    source

   1          #include <reg52.h>
   2          
   3          typedef unsigned char uchar_8;
   4          typedef unsigned int uint_16;
   5          
   6          uchar_8 num_code[17] = {0x3f, 0x06, 0x5b, 0x4f, 0x66, 0x6d, 0x7d, 0x07, 0x7f, 0x6f};
   7          
   8          uint_16 sec = 0;
   9          uint_16 min = 0;
  10          
  11          sbit a = P2 ^ 2;
  12          sbit b = P2 ^ 3;
  13          sbit c = P2 ^ 4;
  14          sbit BEEP = P2 ^ 5;
  15          
  16          delay_10us(uint_16 us)
  17          {
  18   1          while (us--)
  19   1              ;
  20   1      }
  21          
  22          void showInfo()
  23          {
  24   1          c = 0;
  25   1          b = 0;
  26   1          a = 0;
  27   1          P0 = num_code[sec % 10];
  28   1          delay_10us(100);
  29   1          P0 = 0x00;
  30   1          c = 0;
  31   1          b = 0;
  32   1          a = 1;
  33   1          P0 = num_code[sec / 10];
  34   1          delay_10us(100);
  35   1          P0 = 0x00;
  36   1          c = 1;
  37   1          b = 0;
  38   1          a = 0;
  39   1          P0 = num_code[min % 10];
  40   1          delay_10us(100);
  41   1          P0 = 0x00;
  42   1          c = 1;
  43   1          b = 0;
  44   1          a = 1;
  45   1          P0 = num_code[min / 10];
  46   1          delay_10us(100);
  47   1          P0 = 0x00;
  48   1      }
  49          
  50          void time0_init(void)
  51          {
  52   1          TMOD |= 0x01;
  53   1          TH0 = 0xFb;
  54   1          TL0 = 0xca;
C51 COMPILER V9.01   MAIN                                                                  10/08/2024 23:36:04 PAGE 2   

  55   1          ET0 = 1;
  56   1          EA = 1;
  57   1          TR0 = 1;
  58   1      }
  59          
  60          void main()
  61          {
  62   1          BEEP=0;
  63   1          time0_init();
  64   1          while (1)
  65   1          {
  66   2              showInfo();
  67   2          }
  68   1      }
  69          
  70          void time0() interrupt 1 // 定时器0中断函数
  71          {
  72   1          static uint_16 i = 0; // 定义静态变量i
  73   1          TH0 = 0XFC;           // 给定时器赋初值，定时1ms
  74   1          TL0 = 0X18;
  75   1          i++;
  76   1          if (i == 1000)
  77   1          {
  78   2              i = 0;
  79   2              sec++;
  80   2              if (sec == 60)
  81   2              {
  82   3                  sec = 0;
  83   3                  min++;
  84   3              }
  85   2          }
  86   1      }
*** WARNING C290 IN LINE 20 OF USER\MAIN.C: missing return value


MODULE INFORMATION:   STATIC OVERLAYABLE
   CODE SIZE        =    201    ----
   CONSTANT SIZE    =   ----    ----
   XDATA SIZE       =   ----    ----
   PDATA SIZE       =   ----    ----
   DATA SIZE        =     23    ----
   IDATA SIZE       =   ----    ----
   BIT SIZE         =   ----    ----
END OF MODULE INFORMATION.


C51 COMPILATION COMPLETE.  1 WARNING(S),  0 ERROR(S)
