C51 COMPILER V9.01   MAIN                                                                  10/07/2024 23:55:11 PAGE 1   


C51 COMPILER V9.01, COMPILATION OF MODULE MAIN
OBJECT MODULE PLACED IN main.OBJ
COMPILER INVOKED BY: C:\Keil_v5\C51\BIN\C51.EXE main.c BROWSE DEBUG OBJECTEXTEND

line level    source

   1          #include "reg52.h"
   2          
   3          typedef unsigned int uint_16;
   4          typedef unsigned char uchar_8;
   5          
   6          #define SMG_A_DP_PORT P0
   7          
   8          uchar_8 led_code[17] = {0x3f, 0x06, 0x5b, 0x4f, 0x66, 0x6d, 0x7d, 0x07, 0x7f, 0x6f, 0x77, 0x7c, 0x39, 0x5e
             -, 0x79, 0x71, 0x00};
   9          
  10          /**
  11           * 简易延时函数，10us的倍数
  12           */
  13          void delay_10us(uint_16 us)
  14          {
  15   1              while (us--)
  16   1                      ;
  17   1      }
  18          
  19          /**
  20           * 简易延时函数，1ms的倍数
  21           */
  22          void delay_ms(uint_16 ms)
  23          {
  24   1              int i, j;
  25   1              for (i = 0; i < ms; i++)
  26   1                      for (j = 0; j < 1000; j++)
  27   1                              ;
  28   1      }
  29          
  30          // 数码管位选信号控制
  31          sbit led_a = P2 ^ 2;
  32          sbit led_b = P2 ^ 3;
  33          sbit led_c = P2 ^ 4;
  34          
  35          /**
  36           * 数码管位选函数
  37           * @param num 数码管位
  38           * 选择num对应的数码管输出
  39           */
  40          void led_switch(uint_16 num)
  41          {
  42   1              switch (num)
  43   1              {
  44   2              case 0:
  45   2                      led_c = 0;
  46   2                      led_b = 0;
  47   2                      led_a = 0;
  48   2                      break;
  49   2              case 1:
  50   2                      led_c = 0;
  51   2                      led_b = 0;
  52   2                      led_a = 1;
  53   2                      break;
  54   2              case 2:
C51 COMPILER V9.01   MAIN                                                                  10/07/2024 23:55:11 PAGE 2   

  55   2                      led_c = 0;
  56   2                      led_b = 1;
  57   2                      led_a = 0;
  58   2                      break;
  59   2              case 3:
  60   2                      led_c = 0;
  61   2                      led_b = 1;
  62   2                      led_a = 1;
  63   2                      break;
  64   2              case 4:
  65   2                      led_c = 1;
  66   2                      led_b = 0;
  67   2                      led_a = 0;
  68   2                      break;
  69   2              case 5:
  70   2                      led_c = 1;
  71   2                      led_b = 0;
  72   2                      led_a = 1;
  73   2                      break;
  74   2              case 6:
  75   2                      led_c = 1;
  76   2                      led_b = 1;
  77   2                      led_a = 0;
  78   2                      break;
  79   2              case 7:
  80   2                      led_c = 1;
  81   2                      led_b = 1;
  82   2                      led_a = 1;
  83   2              }
  84   1      }
  85          /**
  86           * 在LED上显示指定信息
  87           */
  88          void ledShow(uchar_8 showInfo[], uint_16 len, uint_16 start)
  89          {
  90   1              int i;
  91   1              for (i = 0; i < 8; i++)
  92   1              {
  93   2                      led_switch(7 - i);
  94   2                      SMG_A_DP_PORT = 0x00;
  95   2                      SMG_A_DP_PORT = showInfo[(start + i) % len];
  96   2                      delay_10us(50);
  97   2              }
  98   1      }
  99          
 100          void main()
 101          {
 102   1              int s = 0, i, r;
 103   1              while (1)
 104   1              {
 105   2                      for (i = 0; i <= 150; i++)
 106   2                      {
 107   3                              ledShow(led_code, 16, s);
 108   3                      }
 109   2                      s = (s + 1) % 16;
 110   2              }
 111   1      }
*** WARNING C280 IN LINE 102 OF MAIN.C: 'r': unreferenced local variable


MODULE INFORMATION:   STATIC OVERLAYABLE
   CODE SIZE        =    287    ----
C51 COMPILER V9.01   MAIN                                                                  10/07/2024 23:55:11 PAGE 3   

   CONSTANT SIZE    =   ----    ----
   XDATA SIZE       =   ----    ----
   PDATA SIZE       =   ----    ----
   DATA SIZE        =     17      15
   IDATA SIZE       =   ----    ----
   BIT SIZE         =   ----    ----
END OF MODULE INFORMATION.


C51 COMPILATION COMPLETE.  1 WARNING(S),  0 ERROR(S)
