[info] Log at : 2024/10/10|19:48:56|GMT+0800

[info] Log at : 2024/10/10|19:49:40|GMT+0800

[info] Log at : 2024/10/10|20:56:23|GMT+0800

[SyntaxError: Unexpected token ']', ..."          ],
       "... is not valid JSON
	at JSON.parse (<anonymous>)
	at F.updateCppProperties (c:\Users\32746\.vscode\extensions\cl.keil-assistant-1.7.0\dist\extension.js:1:10849)
	at F.<anonymous> (c:\Users\32746\.vscode\extensions\cl.keil-assistant-1.7.0\dist\extension.js:1:12579)
	at Generator.next (<anonymous>)
	at c:\Users\32746\.vscode\extensions\cl.keil-assistant-1.7.0\dist\extension.js:1:4480
	at new Promise (<anonymous>)
	at r (c:\Users\32746\.vscode\extensions\cl.keil-assistant-1.7.0\dist\extension.js:1:4225)
	at F.load (c:\Users\32746\.vscode\extensions\cl.keil-assistant-1.7.0\dist\extension.js:1:11310)
	at w.<anonymous> (c:\Users\32746\.vscode\extensions\cl.keil-assistant-1.7.0\dist\extension.js:1:8737)
	at Generator.next (<anonymous>)
	at a (c:\Users\32746\.vscode\extensions\cl.keil-assistant-1.7.0\dist\extension.js:1:4282)]
[info] Log at : 2024/10/10|20:59:52|GMT+0800

[info] Log at : 2024/10/14|15:46:28|GMT+0800

[info] Log at : 2024/10/15|21:20:32|GMT+0800

[info] Log at : 2024/10/23|18:07:02|GMT+0800

[info] Log at : 2024/10/23|18:44:10|GMT+0800

