C51 COMPILER V9.01   MAIN                                                                  10/08/2024 11:21:21 PAGE 1   


C51 COMPILER V9.01, COMPILATION OF MODULE MAIN
OBJECT MODULE PLACED IN main.OBJ
COMPILER INVOKED BY: C:\Keil_v5\C51\BIN\C51.EXE main.c BROWSE DEBUG OBJECTEXTEND

line level    source

   1          #include "reg52.h"
   2          
   3          typedef unsigned int uint_16;
   4          typedef unsigned char uint_8;
   5          
   6          /**
   7           * 简易延时函数，10us的倍数
   8           */
   9          void delay_10us(uint_16 ten_us)
  10          {
  11   1              while (ten_us--)
  12   1                      ;
  13   1      }
  14          /**
  15           * 简易延时函数，1ms的倍数
  16           */
  17          void delay_ms(uint_16 ms)
  18          {
  19   1              int i, j;
  20   1              for (i = 0; i < ms; i++)
  21   1                      for (j = 0; j < 1000; j++)
  22   1                              ;
  23   1      }
  24          
  25          // 独立按键控制引脚
  26          sbit KEY1 = P3 ^ 1;
  27          sbit KEY2 = P3 ^ 0;
  28          sbit KEY3 = P3 ^ 2;
  29          sbit KEY4 = P3 ^ 3;
  30          // LED灯控制引脚
  31          sbit LED_2 = P2 ^ 2;
  32          sbit LED_3 = P2 ^ 3;
  33          sbit LED_4 = P2 ^ 4;
  34          /**
  35           * 检测按键是否按下
  36           * @param singleScan 扫描模式：0，按键抬起扫描；1，按键按下扫描
  37           * @return 返回按键对应的值，如果没有按键按下则返回0
  38           */
  39          uint_16 keyScan(uint_16 singleScan)
  40          {
  41   1              static uint_16 status = 1;
  42   1              if (singleScan == 0)
  43   1                      status = 1;
  44   1              if (status == 1 && (KEY1 == 0 || KEY2 == 0 || KEY3 == 0 || KEY4 == 0))
  45   1              {
  46   2                      status = 0;
  47   2                      delay_10us(1000);
  48   2                      if (KEY1 == 0)
  49   2                      {
  50   3                              return 1;
  51   3                      }
  52   2                      else if (KEY2 == 0)
  53   2                      {
  54   3                              return 2;
  55   3                      }
C51 COMPILER V9.01   MAIN                                                                  10/08/2024 11:21:21 PAGE 2   

  56   2                      else if (KEY3 == 0)
  57   2                      {
  58   3                              return 3;
  59   3                      }
  60   2                      else if (KEY4 == 0)
  61   2                      {
  62   3                              return 4;
  63   3                      }
  64   2              }
  65   1              else if (KEY1 == 1 && KEY2 == 1 && KEY3 == 1 && KEY4 == 1)
  66   1              {
  67   2                      status = 1;
  68   2              }
  69   1              return 0;
  70   1      }
  71          
  72          void main()
  73          {
  74   1              while (1)
  75   1              {
  76   2                      uint_16 res = keyScan(1);
  77   2                      switch (res)
  78   2                      {
  79   3                      case 1:
  80   3                              LED_2 = !LED_2;
  81   3                              break;
  82   3                      case 2:
  83   3                              LED_3 = !LED_3;
  84   3                              break;
  85   3                      case 3:
  86   3                              LED_4 = ~LED_4;
  87   3                              break;
  88   3                      case 4:
  89   3                              LED_2 = 1;
  90   3                              LED_3 = 1;
  91   3                              LED_4 = 1;
  92   3                              break;
  93   3                      }
  94   2              }
  95   1      }


MODULE INFORMATION:   STATIC OVERLAYABLE
   CODE SIZE        =    189    ----
   CONSTANT SIZE    =   ----    ----
   XDATA SIZE       =   ----    ----
   PDATA SIZE       =   ----    ----
   DATA SIZE        =      2       2
   IDATA SIZE       =   ----    ----
   BIT SIZE         =   ----    ----
END OF MODULE INFORMATION.


C51 COMPILATION COMPLETE.  0 WARNING(S),  0 ERROR(S)
